0 info it worked if it ends with ok
1 verbose cli [ '/usr/bin/nodejs',
1 verbose cli   '/usr/bin/npm',
1 verbose cli   'install',
1 verbose cli   '--save',
1 verbose cli   'vscode-textmate' ]
2 info using npm@3.5.2
3 info using node@v4.2.6
4 silly loadCurrentTree Starting
5 silly install loadCurrentTree
6 silly install readLocalPackageData
7 silly fetchPackageMetaData vscode-textmate
8 silly fetchNamedPackageData vscode-textmate
9 silly mapToRegistry name vscode-textmate
10 silly mapToRegistry using default registry
11 silly mapToRegistry registry https://registry.npmjs.org/
12 silly mapToRegistry uri https://registry.npmjs.org/vscode-textmate
13 verbose request uri https://registry.npmjs.org/vscode-textmate
14 verbose request no auth needed
15 info attempt registry request try #1 at 4:25:29 PM
16 verbose request id d8da3665209ff305
17 http request GET https://registry.npmjs.org/vscode-textmate
18 http 200 https://registry.npmjs.org/vscode-textmate
19 verbose headers { date: 'Fri, 17 Aug 2018 08:25:35 GMT',
19 verbose headers   'content-type': 'application/json; charset=UTF-8',
19 verbose headers   'transfer-encoding': 'chunked',
19 verbose headers   connection: 'keep-alive',
19 verbose headers   'set-cookie': [ '__cfduid=d8868191f7d09413b20df7bde2f38077f1534494335; expires=Sat, 17-Aug-19 08:25:35 GMT; path=/; domain=.registry.npmjs.org; HttpOnly' ],
19 verbose headers   'cf-cache-status': 'REVALIDATED',
19 verbose headers   'cache-control': 'max-age=300',
19 verbose headers   'cf-ray': '44bac03b3c7278e0-LAX',
19 verbose headers   etag: 'W/"d411770f6cf197d1aea2c13d0b1de9cf"',
19 verbose headers   'expect-ct': 'max-age=604800, report-uri="https://report-uri.cloudflare.com/cdn-cgi/beacon/expect-ct"',
19 verbose headers   'last-modified': 'Fri, 22 Jun 2018 15:21:07 GMT',
19 verbose headers   vary: 'accept-encoding, accept',
19 verbose headers   server: 'cloudflare',
19 verbose headers   'content-encoding': 'gzip' }
20 silly get cb [ 200,
20 silly get   { date: 'Fri, 17 Aug 2018 08:25:35 GMT',
20 silly get     'content-type': 'application/json; charset=UTF-8',
20 silly get     'transfer-encoding': 'chunked',
20 silly get     connection: 'keep-alive',
20 silly get     'set-cookie': [ '__cfduid=d8868191f7d09413b20df7bde2f38077f1534494335; expires=Sat, 17-Aug-19 08:25:35 GMT; path=/; domain=.registry.npmjs.org; HttpOnly' ],
20 silly get     'cf-cache-status': 'REVALIDATED',
20 silly get     'cache-control': 'max-age=300',
20 silly get     'cf-ray': '44bac03b3c7278e0-LAX',
20 silly get     etag: 'W/"d411770f6cf197d1aea2c13d0b1de9cf"',
20 silly get     'expect-ct': 'max-age=604800, report-uri="https://report-uri.cloudflare.com/cdn-cgi/beacon/expect-ct"',
20 silly get     'last-modified': 'Fri, 22 Jun 2018 15:21:07 GMT',
20 silly get     vary: 'accept-encoding, accept',
20 silly get     server: 'cloudflare',
20 silly get     'content-encoding': 'gzip' } ]
21 verbose get saving vscode-textmate to /home/sardine/.npm/registry.npmjs.org/vscode-textmate/.cache.json
22 verbose makeDirectory /home/sardine/.npm creation not in flight; initializing
23 silly makeDirectory /home/sardine/.npm uid: 1000 gid: 1000
24 silly install normalizeTree
25 silly loadCurrentTree Finishing
26 silly loadIdealTree Starting
27 silly install loadIdealTree
28 silly cloneCurrentTree Starting
29 silly install cloneCurrentTreeToIdealTree
30 silly cloneCurrentTree Finishing
31 silly loadShrinkwrap Starting
32 silly install loadShrinkwrap
33 silly loadShrinkwrap Finishing
34 silly loadAllDepsIntoIdealTree Starting
35 silly install loadAllDepsIntoIdealTree
36 silly resolveWithNewModule vscode-textmate@4.0.1 checking installable status
37 silly cache add args [ 'vscode-textmate', null ]
38 verbose cache add spec vscode-textmate
39 silly cache add parsed spec Result {
39 silly cache add   raw: 'vscode-textmate',
39 silly cache add   scope: null,
39 silly cache add   name: 'vscode-textmate',
39 silly cache add   rawSpec: '',
39 silly cache add   spec: 'latest',
39 silly cache add   type: 'tag' }
40 silly addNamed vscode-textmate@latest
41 verbose addNamed "latest" is being treated as a dist-tag for vscode-textmate
42 info addNameTag [ 'vscode-textmate', 'latest' ]
43 silly mapToRegistry name vscode-textmate
44 silly mapToRegistry using default registry
45 silly mapToRegistry registry https://registry.npmjs.org/
46 silly mapToRegistry uri https://registry.npmjs.org/vscode-textmate
47 verbose addNameTag registry:https://registry.npmjs.org/vscode-textmate not in flight; fetching
48 verbose get https://registry.npmjs.org/vscode-textmate not expired, no request
49 silly addNameTag next cb for vscode-textmate with tag latest
50 silly addNamed vscode-textmate@4.0.1
51 verbose addNamed "4.0.1" is a plain semver version for vscode-textmate
52 silly mapToRegistry name vscode-textmate
53 silly mapToRegistry using default registry
54 silly mapToRegistry registry https://registry.npmjs.org/
55 silly mapToRegistry uri https://registry.npmjs.org/vscode-textmate
56 verbose addRemoteTarball https://registry.npmjs.org/vscode-textmate/-/vscode-textmate-4.0.1.tgz not in flight; adding
57 verbose addRemoteTarball [ 'https://registry.npmjs.org/vscode-textmate/-/vscode-textmate-4.0.1.tgz',
57 verbose addRemoteTarball   '6c36f28e9059ce12bc34907f7a33ea43166b26a8' ]
58 info retry fetch attempt 1 at 4:25:36 PM
59 info attempt registry request try #1 at 4:25:36 PM
60 http fetch GET https://registry.npmjs.org/vscode-textmate/-/vscode-textmate-4.0.1.tgz
61 http fetch 200 https://registry.npmjs.org/vscode-textmate/-/vscode-textmate-4.0.1.tgz
62 silly fetchAndShaCheck shasum 6c36f28e9059ce12bc34907f7a33ea43166b26a8
63 verbose addTmpTarball /tmp/npm-23-b3f90044/registry.npmjs.org/vscode-textmate/-/vscode-textmate-4.0.1.tgz not in flight; adding
64 verbose addTmpTarball already have metadata; skipping unpack for vscode-textmate@4.0.1
65 silly cache afterAdd vscode-textmate@4.0.1
66 verbose afterAdd /home/sardine/.npm/vscode-textmate/4.0.1/package/package.json not in flight; writing
67 verbose afterAdd /home/sardine/.npm/vscode-textmate/4.0.1/package/package.json written
68 silly fetchNamedPackageData oniguruma
69 silly mapToRegistry name oniguruma
70 silly mapToRegistry using default registry
71 silly mapToRegistry registry https://registry.npmjs.org/
72 silly mapToRegistry uri https://registry.npmjs.org/oniguruma
73 verbose request uri https://registry.npmjs.org/oniguruma
74 verbose request no auth needed
75 info attempt registry request try #1 at 4:25:37 PM
76 http request GET https://registry.npmjs.org/oniguruma
77 http 200 https://registry.npmjs.org/oniguruma
78 verbose headers { date: 'Fri, 17 Aug 2018 08:25:37 GMT',
78 verbose headers   'content-type': 'application/json; charset=UTF-8',
78 verbose headers   'transfer-encoding': 'chunked',
78 verbose headers   connection: 'keep-alive',
78 verbose headers   'set-cookie': [ '__cfduid=dc4a262cc1179964e815228bb718c33501534494337; expires=Sat, 17-Aug-19 08:25:37 GMT; path=/; domain=.registry.npmjs.org; HttpOnly' ],
78 verbose headers   'cf-cache-status': 'HIT',
78 verbose headers   'cache-control': 'max-age=300',
78 verbose headers   'cf-ray': '44bac04988719895-LAX',
78 verbose headers   etag: 'W/"95a453da93e54932eb05c49833154563"',
78 verbose headers   'expect-ct': 'max-age=604800, report-uri="https://report-uri.cloudflare.com/cdn-cgi/beacon/expect-ct"',
78 verbose headers   'last-modified': 'Mon, 23 Jul 2018 18:43:27 GMT',
78 verbose headers   vary: 'accept-encoding, accept',
78 verbose headers   server: 'cloudflare',
78 verbose headers   'content-encoding': 'gzip' }
79 silly get cb [ 200,
79 silly get   { date: 'Fri, 17 Aug 2018 08:25:37 GMT',
79 silly get     'content-type': 'application/json; charset=UTF-8',
79 silly get     'transfer-encoding': 'chunked',
79 silly get     connection: 'keep-alive',
79 silly get     'set-cookie': [ '__cfduid=dc4a262cc1179964e815228bb718c33501534494337; expires=Sat, 17-Aug-19 08:25:37 GMT; path=/; domain=.registry.npmjs.org; HttpOnly' ],
79 silly get     'cf-cache-status': 'HIT',
79 silly get     'cache-control': 'max-age=300',
79 silly get     'cf-ray': '44bac04988719895-LAX',
79 silly get     etag: 'W/"95a453da93e54932eb05c49833154563"',
79 silly get     'expect-ct': 'max-age=604800, report-uri="https://report-uri.cloudflare.com/cdn-cgi/beacon/expect-ct"',
79 silly get     'last-modified': 'Mon, 23 Jul 2018 18:43:27 GMT',
79 silly get     vary: 'accept-encoding, accept',
79 silly get     server: 'cloudflare',
79 silly get     'content-encoding': 'gzip' } ]
80 verbose get saving oniguruma to /home/sardine/.npm/registry.npmjs.org/oniguruma/.cache.json
81 silly resolveWithNewModule oniguruma@7.0.1 checking installable status
82 silly cache add args [ 'oniguruma@^7.0.0', null ]
83 verbose cache add spec oniguruma@^7.0.0
84 silly cache add parsed spec Result {
84 silly cache add   raw: 'oniguruma@^7.0.0',
84 silly cache add   scope: null,
84 silly cache add   name: 'oniguruma',
84 silly cache add   rawSpec: '^7.0.0',
84 silly cache add   spec: '>=7.0.0 <8.0.0',
84 silly cache add   type: 'range' }
85 silly addNamed oniguruma@>=7.0.0 <8.0.0
86 verbose addNamed ">=7.0.0 <8.0.0" is a valid semver range for oniguruma
87 silly addNameRange { name: 'oniguruma', range: '>=7.0.0 <8.0.0', hasData: false }
88 silly mapToRegistry name oniguruma
89 silly mapToRegistry using default registry
90 silly mapToRegistry registry https://registry.npmjs.org/
91 silly mapToRegistry uri https://registry.npmjs.org/oniguruma
92 verbose addNameRange registry:https://registry.npmjs.org/oniguruma not in flight; fetching
93 verbose get https://registry.npmjs.org/oniguruma not expired, no request
94 silly addNameRange number 2 { name: 'oniguruma', range: '>=7.0.0 <8.0.0', hasData: true }
95 silly addNameRange versions [ 'oniguruma',
95 silly addNameRange   [ '0.1.0',
95 silly addNameRange     '0.2.0',
95 silly addNameRange     '0.3.0',
95 silly addNameRange     '0.4.0',
95 silly addNameRange     '0.5.0',
95 silly addNameRange     '0.6.0',
95 silly addNameRange     '0.7.0',
95 silly addNameRange     '0.8.0',
95 silly addNameRange     '0.9.0',
95 silly addNameRange     '0.10.0',
95 silly addNameRange     '0.11.0',
95 silly addNameRange     '0.12.0',
95 silly addNameRange     '0.13.0',
95 silly addNameRange     '0.14.0',
95 silly addNameRange     '0.15.0',
95 silly addNameRange     '0.16.0',
95 silly addNameRange     '0.17.0',
95 silly addNameRange     '0.18.0',
95 silly addNameRange     '0.19.0',
95 silly addNameRange     '0.20.0',
95 silly addNameRange     '0.21.0',
95 silly addNameRange     '0.22.0',
95 silly addNameRange     '0.23.0',
95 silly addNameRange     '0.24.0',
95 silly addNameRange     '0.25.0',
95 silly addNameRange     '0.26.0',
95 silly addNameRange     '1.0.0',
95 silly addNameRange     '1.0.1',
95 silly addNameRange     '1.0.2',
95 silly addNameRange     '1.0.3',
95 silly addNameRange     '1.0.4',
95 silly addNameRange     '1.0.5',
95 silly addNameRange     '1.0.6',
95 silly addNameRange     '2.0.0',
95 silly addNameRange     '3.0.0',
95 silly addNameRange     '3.0.1',
95 silly addNameRange     '3.0.2',
95 silly addNameRange     '3.0.3',
95 silly addNameRange     '3.0.4',
95 silly addNameRange     '3.0.5',
95 silly addNameRange     '3.0.6',
95 silly addNameRange     '4.0.0',
95 silly addNameRange     '4.1.0',
95 silly addNameRange     '4.2.0',
95 silly addNameRange     '4.2.1',
95 silly addNameRange     '4.2.2',
95 silly addNameRange     '5.0.0',
95 silly addNameRange     '5.0.1',
95 silly addNameRange     '5.1.0',
95 silly addNameRange     '4.2.3',
95 silly addNameRange     '4.2.4',
95 silly addNameRange     '5.1.1',
95 silly addNameRange     '5.1.2',
95 silly addNameRange     '6.0.0',
95 silly addNameRange     '6.0.1',
95 silly addNameRange     '6.1.0',
95 silly addNameRange     '6.1.1',
95 silly addNameRange     '6.2.0-0',
95 silly addNameRange     '6.2.0-1',
95 silly addNameRange     '6.2.0-2',
95 silly addNameRange     '6.2.0',
95 silly addNameRange     '6.2.1',
95 silly addNameRange     '7.0.0',
95 silly addNameRange     '7.0.1' ] ]
96 silly addNamed oniguruma@7.0.1
97 verbose addNamed "7.0.1" is a plain semver version for oniguruma
98 silly mapToRegistry name oniguruma
99 silly mapToRegistry using default registry
100 silly mapToRegistry registry https://registry.npmjs.org/
101 silly mapToRegistry uri https://registry.npmjs.org/oniguruma
102 verbose addRemoteTarball https://registry.npmjs.org/oniguruma/-/oniguruma-7.0.1.tgz not in flight; adding
103 verbose addRemoteTarball [ 'https://registry.npmjs.org/oniguruma/-/oniguruma-7.0.1.tgz',
103 verbose addRemoteTarball   '76230211e96bb27b10cf2a7ccb99a6057ff1b9bf' ]
104 info retry fetch attempt 1 at 4:25:37 PM
105 info attempt registry request try #1 at 4:25:37 PM
106 http fetch GET https://registry.npmjs.org/oniguruma/-/oniguruma-7.0.1.tgz
107 http fetch 200 https://registry.npmjs.org/oniguruma/-/oniguruma-7.0.1.tgz
108 silly fetchAndShaCheck shasum 76230211e96bb27b10cf2a7ccb99a6057ff1b9bf
109 verbose addTmpTarball /tmp/npm-23-b3f90044/registry.npmjs.org/oniguruma/-/oniguruma-7.0.1.tgz not in flight; adding
110 verbose addTmpTarball already have metadata; skipping unpack for oniguruma@7.0.1
111 silly cache afterAdd oniguruma@7.0.1
112 verbose afterAdd /home/sardine/.npm/oniguruma/7.0.1/package/package.json not in flight; writing
113 verbose afterAdd /home/sardine/.npm/oniguruma/7.0.1/package/package.json written
114 silly fetchNamedPackageData nan
115 silly mapToRegistry name nan
116 silly mapToRegistry using default registry
117 silly mapToRegistry registry https://registry.npmjs.org/
118 silly mapToRegistry uri https://registry.npmjs.org/nan
119 verbose request uri https://registry.npmjs.org/nan
120 verbose request no auth needed
121 info attempt registry request try #1 at 4:25:39 PM
122 http request GET https://registry.npmjs.org/nan
123 http 200 https://registry.npmjs.org/nan
124 verbose headers { date: 'Fri, 17 Aug 2018 08:25:40 GMT',
124 verbose headers   'content-type': 'application/json; charset=UTF-8',
124 verbose headers   'transfer-encoding': 'chunked',
124 verbose headers   connection: 'keep-alive',
124 verbose headers   'set-cookie': [ '__cfduid=dbe9a25e813969ef5bd4faa734c99c2501534494340; expires=Sat, 17-Aug-19 08:25:40 GMT; path=/; domain=.registry.npmjs.org; HttpOnly' ],
124 verbose headers   'cf-cache-status': 'HIT',
124 verbose headers   'cache-control': 'max-age=300',
124 verbose headers   'cf-ray': '44bac059b8ae22a0-LAX',
124 verbose headers   etag: 'W/"249a7c29055ea21c4b8d244bd7b33a97"',
124 verbose headers   'expect-ct': 'max-age=604800, report-uri="https://report-uri.cloudflare.com/cdn-cgi/beacon/expect-ct"',
124 verbose headers   'last-modified': 'Sun, 27 May 2018 09:01:11 GMT',
124 verbose headers   vary: 'accept-encoding, accept',
124 verbose headers   server: 'cloudflare',
124 verbose headers   'content-encoding': 'gzip' }
125 silly get cb [ 200,
125 silly get   { date: 'Fri, 17 Aug 2018 08:25:40 GMT',
125 silly get     'content-type': 'application/json; charset=UTF-8',
125 silly get     'transfer-encoding': 'chunked',
125 silly get     connection: 'keep-alive',
125 silly get     'set-cookie': [ '__cfduid=dbe9a25e813969ef5bd4faa734c99c2501534494340; expires=Sat, 17-Aug-19 08:25:40 GMT; path=/; domain=.registry.npmjs.org; HttpOnly' ],
125 silly get     'cf-cache-status': 'HIT',
125 silly get     'cache-control': 'max-age=300',
125 silly get     'cf-ray': '44bac059b8ae22a0-LAX',
125 silly get     etag: 'W/"249a7c29055ea21c4b8d244bd7b33a97"',
125 silly get     'expect-ct': 'max-age=604800, report-uri="https://report-uri.cloudflare.com/cdn-cgi/beacon/expect-ct"',
125 silly get     'last-modified': 'Sun, 27 May 2018 09:01:11 GMT',
125 silly get     vary: 'accept-encoding, accept',
125 silly get     server: 'cloudflare',
125 silly get     'content-encoding': 'gzip' } ]
126 verbose get saving nan to /home/sardine/.npm/registry.npmjs.org/nan/.cache.json
127 silly resolveWithNewModule nan@2.10.0 checking installable status
128 silly cache add args [ 'nan@^2.10.0', null ]
129 verbose cache add spec nan@^2.10.0
130 silly cache add parsed spec Result {
130 silly cache add   raw: 'nan@^2.10.0',
130 silly cache add   scope: null,
130 silly cache add   name: 'nan',
130 silly cache add   rawSpec: '^2.10.0',
130 silly cache add   spec: '>=2.10.0 <3.0.0',
130 silly cache add   type: 'range' }
131 silly addNamed nan@>=2.10.0 <3.0.0
132 verbose addNamed ">=2.10.0 <3.0.0" is a valid semver range for nan
133 silly addNameRange { name: 'nan', range: '>=2.10.0 <3.0.0', hasData: false }
134 silly mapToRegistry name nan
135 silly mapToRegistry using default registry
136 silly mapToRegistry registry https://registry.npmjs.org/
137 silly mapToRegistry uri https://registry.npmjs.org/nan
138 verbose addNameRange registry:https://registry.npmjs.org/nan not in flight; fetching
139 verbose get https://registry.npmjs.org/nan not expired, no request
140 silly addNameRange number 2 { name: 'nan', range: '>=2.10.0 <3.0.0', hasData: true }
141 silly addNameRange versions [ 'nan',
141 silly addNameRange   [ '0.3.0-wip',
141 silly addNameRange     '0.3.0-wip2',
141 silly addNameRange     '0.3.0',
141 silly addNameRange     '0.3.1',
141 silly addNameRange     '0.3.2',
141 silly addNameRange     '0.4.0',
141 silly addNameRange     '0.4.1',
141 silly addNameRange     '0.4.2',
141 silly addNameRange     '0.4.3',
141 silly addNameRange     '0.4.4',
141 silly addNameRange     '0.5.0',
141 silly addNameRange     '0.5.1',
141 silly addNameRange     '0.5.2',
141 silly addNameRange     '0.6.0',
141 silly addNameRange     '0.7.0',
141 silly addNameRange     '0.7.1',
141 silly addNameRange     '0.8.0',
141 silly addNameRange     '1.0.0',
141 silly addNameRange     '1.1.0',
141 silly addNameRange     '1.1.1',
141 silly addNameRange     '1.1.2',
141 silly addNameRange     '1.2.0',
141 silly addNameRange     '1.3.0',
141 silly addNameRange     '1.4.0',
141 silly addNameRange     '1.4.1',
141 silly addNameRange     '1.5.0',
141 silly addNameRange     '1.4.2',
141 silly addNameRange     '1.4.3',
141 silly addNameRange     '1.5.1',
141 silly addNameRange     '1.5.2',
141 silly addNameRange     '1.6.0',
141 silly addNameRange     '1.5.3',
141 silly addNameRange     '1.6.1',
141 silly addNameRange     '1.6.2',
141 silly addNameRange     '1.7.0',
141 silly addNameRange     '1.8.0',
141 silly addNameRange     '1.8.1',
141 silly addNameRange     '1.8.2',
141 silly addNameRange     '1.8.3',
141 silly addNameRange     '1.8.4',
141 silly addNameRange     '1.9.0',
141 silly addNameRange     '2.0.0',
141 silly addNameRange     '2.0.1',
141 silly addNameRange     '2.0.2',
141 silly addNameRange     '2.0.3',
141 silly addNameRange     '2.0.4',
141 silly addNameRange     '2.0.5',
141 silly addNameRange     '2.0.6',
141 silly addNameRange     '2.0.7',
141 silly addNameRange     '2.0.8',
141 silly addNameRange     '2.0.9',
141 silly addNameRange     '2.1.0',
141 silly addNameRange     '2.2.0',
141 silly addNameRange     '2.2.1',
141 silly addNameRange     '2.3.0',
141 silly addNameRange     '2.3.1',
141 silly addNameRange     '2.3.2',
141 silly addNameRange     '2.3.3',
141 silly addNameRange     '2.3.4',
141 silly addNameRange     '2.3.5',
141 silly addNameRange     '2.4.0',
141 silly addNameRange     '2.5.0',
141 silly addNameRange     '2.5.1',
141 silly addNameRange     '2.6.0',
141 silly addNameRange     '2.6.1',
141 silly addNameRange     '2.6.2',
141 silly addNameRange     '2.7.0',
141 silly addNameRange     '2.8.0',
141 silly addNameRange     '2.9.1',
141 silly addNameRange     '2.9.2',
141 silly addNameRange     '2.10.0' ] ]
142 silly addNamed nan@2.10.0
143 verbose addNamed "2.10.0" is a plain semver version for nan
144 silly mapToRegistry name nan
145 silly mapToRegistry using default registry
146 silly mapToRegistry registry https://registry.npmjs.org/
147 silly mapToRegistry uri https://registry.npmjs.org/nan
148 verbose addRemoteTarball https://registry.npmjs.org/nan/-/nan-2.10.0.tgz not in flight; adding
149 verbose addRemoteTarball [ 'https://registry.npmjs.org/nan/-/nan-2.10.0.tgz',
149 verbose addRemoteTarball   '96d0cd610ebd58d4b4de9cc0c6828cda99c7548f' ]
150 info retry fetch attempt 1 at 4:25:40 PM
151 info attempt registry request try #1 at 4:25:40 PM
152 http fetch GET https://registry.npmjs.org/nan/-/nan-2.10.0.tgz
153 http fetch 200 https://registry.npmjs.org/nan/-/nan-2.10.0.tgz
154 silly fetchAndShaCheck shasum 96d0cd610ebd58d4b4de9cc0c6828cda99c7548f
155 verbose addTmpTarball /tmp/npm-23-b3f90044/registry.npmjs.org/nan/-/nan-2.10.0.tgz not in flight; adding
156 verbose addTmpTarball already have metadata; skipping unpack for nan@2.10.0
157 silly cache afterAdd nan@2.10.0
158 verbose afterAdd /home/sardine/.npm/nan/2.10.0/package/package.json not in flight; writing
159 verbose afterAdd /home/sardine/.npm/nan/2.10.0/package/package.json written
160 silly loadAllDepsIntoIdealTree Finishing
161 silly idealTree:prePrune unityshader-intellisence-server@1.0.0
161 silly idealTree:prePrune ├── nan@2.10.0
161 silly idealTree:prePrune ├── oniguruma@7.0.1
161 silly idealTree:prePrune ├── vscode-jsonrpc@3.6.2
161 silly idealTree:prePrune ├── vscode-languageserver-protocol@3.10.3
161 silly idealTree:prePrune ├── vscode-languageserver-types@3.10.1
161 silly idealTree:prePrune ├── vscode-languageserver@5.0.0
161 silly idealTree:prePrune ├── vscode-textmate@4.0.1
161 silly idealTree:prePrune └── vscode-uri@1.0.6
162 silly loadIdealTree Finishing
163 silly currentTree unityshader-intellisence-server@1.0.0
163 silly currentTree ├── vscode-jsonrpc@3.6.2
163 silly currentTree ├── vscode-languageserver-protocol@3.10.3
163 silly currentTree ├── vscode-languageserver-types@3.10.1
163 silly currentTree ├── vscode-languageserver@5.0.0
163 silly currentTree └── vscode-uri@1.0.6
164 silly idealTree unityshader-intellisence-server@1.0.0
164 silly idealTree ├── nan@2.10.0
164 silly idealTree ├── oniguruma@7.0.1
164 silly idealTree ├── vscode-jsonrpc@3.6.2
164 silly idealTree ├── vscode-languageserver-protocol@3.10.3
164 silly idealTree ├── vscode-languageserver-types@3.10.1
164 silly idealTree ├── vscode-languageserver@5.0.0
164 silly idealTree ├── vscode-textmate@4.0.1
164 silly idealTree └── vscode-uri@1.0.6
165 silly generateActionsToTake Starting
166 silly install generateActionsToTake
167 silly generateActionsToTake Finishing
168 silly diffTrees action count 4
169 silly diffTrees add nan@2.10.0
170 silly diffTrees add oniguruma@7.0.1
171 silly diffTrees update vscode-languageserver@5.0.0
172 silly diffTrees add vscode-textmate@4.0.1
173 silly decomposeActions action count 32
174 silly decomposeActions fetch nan@2.10.0
175 silly decomposeActions extract nan@2.10.0
176 silly decomposeActions test nan@2.10.0
177 silly decomposeActions preinstall nan@2.10.0
178 silly decomposeActions build nan@2.10.0
179 silly decomposeActions install nan@2.10.0
180 silly decomposeActions postinstall nan@2.10.0
181 silly decomposeActions finalize nan@2.10.0
182 silly decomposeActions fetch oniguruma@7.0.1
183 silly decomposeActions extract oniguruma@7.0.1
184 silly decomposeActions test oniguruma@7.0.1
185 silly decomposeActions preinstall oniguruma@7.0.1
186 silly decomposeActions build oniguruma@7.0.1
187 silly decomposeActions install oniguruma@7.0.1
188 silly decomposeActions postinstall oniguruma@7.0.1
189 silly decomposeActions finalize oniguruma@7.0.1
190 silly decomposeActions fetch vscode-languageserver@5.0.0
191 silly decomposeActions extract vscode-languageserver@5.0.0
192 silly decomposeActions test vscode-languageserver@5.0.0
193 silly decomposeActions preinstall vscode-languageserver@5.0.0
194 silly decomposeActions build vscode-languageserver@5.0.0
195 silly decomposeActions install vscode-languageserver@5.0.0
196 silly decomposeActions postinstall vscode-languageserver@5.0.0
197 silly decomposeActions finalize vscode-languageserver@5.0.0
198 silly decomposeActions fetch vscode-textmate@4.0.1
199 silly decomposeActions extract vscode-textmate@4.0.1
200 silly decomposeActions test vscode-textmate@4.0.1
201 silly decomposeActions preinstall vscode-textmate@4.0.1
202 silly decomposeActions build vscode-textmate@4.0.1
203 silly decomposeActions install vscode-textmate@4.0.1
204 silly decomposeActions postinstall vscode-textmate@4.0.1
205 silly decomposeActions finalize vscode-textmate@4.0.1
206 silly executeActions Starting
207 silly install executeActions
208 silly doSerial global-install 0
209 silly doParallel fetch 4
210 verbose makeDirectory /home/sardine/.npm/_locks creation not in flight; initializing
211 silly makeDirectory /home/sardine/.npm/_locks uid: 1000 gid: 1000
212 verbose lock using /home/sardine/.npm/_locks/staging-d71c3ce9d6ea1673.lock for /mnt/f/Project/other/unityshader-intellisense/server/node_modules/.staging
213 silly doParallel extract 4
214 silly extract nan@2.10.0
215 silly extract oniguruma@7.0.1
216 silly extract vscode-languageserver@5.0.0
217 silly extract vscode-textmate@4.0.1
218 silly addNamed vscode-languageserver@5.0.0
219 verbose addNamed "5.0.0" is a plain semver version for vscode-languageserver
220 silly mapToRegistry name vscode-languageserver
221 silly mapToRegistry using default registry
222 silly mapToRegistry registry https://registry.npmjs.org/
223 silly mapToRegistry uri https://registry.npmjs.org/vscode-languageserver
224 verbose addNameVersion registry:https://registry.npmjs.org/vscode-languageserver not in flight; fetching
225 verbose request uri https://registry.npmjs.org/vscode-languageserver
226 verbose request no auth needed
227 info attempt registry request try #1 at 4:25:41 PM
228 http request GET https://registry.npmjs.org/vscode-languageserver
229 verbose unbuild node_modules/.staging/nan-87997cd2
230 verbose unbuild node_modules/.staging/oniguruma-e7e30ccc
231 verbose unbuild node_modules/.staging/vscode-textmate-49bffd4e
232 silly gentlyRm /mnt/f/Project/other/unityshader-intellisense/server/node_modules/.staging/nan-87997cd2 is being purged from base /mnt/f/Project/other/unityshader-intellisense/server
233 verbose gentlyRm don't care about contents; nuking /mnt/f/Project/other/unityshader-intellisense/server/node_modules/.staging/nan-87997cd2
234 silly gentlyRm /mnt/f/Project/other/unityshader-intellisense/server/node_modules/.staging/oniguruma-e7e30ccc is being purged from base /mnt/f/Project/other/unityshader-intellisense/server
235 verbose gentlyRm don't care about contents; nuking /mnt/f/Project/other/unityshader-intellisense/server/node_modules/.staging/oniguruma-e7e30ccc
236 silly gentlyRm /mnt/f/Project/other/unityshader-intellisense/server/node_modules/.staging/vscode-textmate-49bffd4e is being purged from base /mnt/f/Project/other/unityshader-intellisense/server
237 verbose gentlyRm don't care about contents; nuking /mnt/f/Project/other/unityshader-intellisense/server/node_modules/.staging/vscode-textmate-49bffd4e
238 verbose tar unpack /home/sardine/.npm/nan/2.10.0/package.tgz
239 verbose tar unpacking to /mnt/f/Project/other/unityshader-intellisense/server/node_modules/.staging/nan-87997cd2
240 silly gentlyRm /mnt/f/Project/other/unityshader-intellisense/server/node_modules/.staging/nan-87997cd2 is being purged
241 verbose gentlyRm don't care about contents; nuking /mnt/f/Project/other/unityshader-intellisense/server/node_modules/.staging/nan-87997cd2
242 verbose tar unpack /home/sardine/.npm/oniguruma/7.0.1/package.tgz
243 verbose tar unpacking to /mnt/f/Project/other/unityshader-intellisense/server/node_modules/.staging/oniguruma-e7e30ccc
244 silly gentlyRm /mnt/f/Project/other/unityshader-intellisense/server/node_modules/.staging/oniguruma-e7e30ccc is being purged
245 verbose gentlyRm don't care about contents; nuking /mnt/f/Project/other/unityshader-intellisense/server/node_modules/.staging/oniguruma-e7e30ccc
246 verbose tar unpack /home/sardine/.npm/vscode-textmate/4.0.1/package.tgz
247 verbose tar unpacking to /mnt/f/Project/other/unityshader-intellisense/server/node_modules/.staging/vscode-textmate-49bffd4e
248 silly gentlyRm /mnt/f/Project/other/unityshader-intellisense/server/node_modules/.staging/vscode-textmate-49bffd4e is being purged
249 verbose gentlyRm don't care about contents; nuking /mnt/f/Project/other/unityshader-intellisense/server/node_modules/.staging/vscode-textmate-49bffd4e
250 silly gunzTarPerm modes [ '777', '666' ]
251 silly gunzTarPerm modes [ '777', '666' ]
252 silly gunzTarPerm modes [ '777', '666' ]
253 silly gunzTarPerm extractEntry package.json
254 silly gunzTarPerm modified mode [ 'package.json', 436, 438 ]
255 silly gunzTarPerm extractEntry package.json
256 silly gunzTarPerm modified mode [ 'package.json', 436, 438 ]
257 silly gunzTarPerm extractEntry package.json
258 silly gunzTarPerm modified mode [ 'package.json', 420, 438 ]
259 silly gunzTarPerm extractEntry CHANGELOG.md
260 silly gunzTarPerm modified mode [ 'CHANGELOG.md', 436, 438 ]
261 silly gunzTarPerm extractEntry include_dirs.js
262 silly gunzTarPerm modified mode [ 'include_dirs.js', 436, 438 ]
263 silly gunzTarPerm extractEntry appveyor.yml
264 silly gunzTarPerm modified mode [ 'appveyor.yml', 420, 438 ]
265 silly gunzTarPerm extractEntry binding.gyp
266 silly gunzTarPerm modified mode [ 'binding.gyp', 420, 438 ]
267 silly gunzTarPerm extractEntry LICENSE.md
268 silly gunzTarPerm modified mode [ 'LICENSE.md', 436, 438 ]
269 silly gunzTarPerm extractEntry README.md
270 silly gunzTarPerm modified mode [ 'README.md', 436, 438 ]
271 silly gunzTarPerm extractEntry LICENSE.md
272 silly gunzTarPerm modified mode [ 'LICENSE.md', 436, 438 ]
273 silly gunzTarPerm extractEntry nan_callbacks_12_inl.h
274 silly gunzTarPerm modified mode [ 'nan_callbacks_12_inl.h', 436, 438 ]
275 silly gunzTarPerm extractEntry nan_callbacks_pre_12_inl.h
276 silly gunzTarPerm modified mode [ 'nan_callbacks_pre_12_inl.h', 436, 438 ]
277 silly gunzTarPerm extractEntry LICENSE.md
278 silly gunzTarPerm modified mode [ 'LICENSE.md', 420, 438 ]
279 silly gunzTarPerm extractEntry README.md
280 silly gunzTarPerm modified mode [ 'README.md', 420, 438 ]
281 silly gunzTarPerm extractEntry release/main.d.ts
282 silly gunzTarPerm modified mode [ 'release/main.d.ts', 436, 438 ]
283 silly gunzTarPerm extractEntry release/main.js
284 silly gunzTarPerm modified mode [ 'release/main.js', 436, 438 ]
285 silly gunzTarPerm extractEntry nan_callbacks.h
286 silly gunzTarPerm modified mode [ 'nan_callbacks.h', 436, 438 ]
287 silly gunzTarPerm extractEntry deps/onig/aclocal.m4
288 silly gunzTarPerm modified mode [ 'deps/onig/aclocal.m4', 420, 438 ]
289 silly gunzTarPerm extractEntry release/types.d.ts
290 silly gunzTarPerm modified mode [ 'release/types.d.ts', 436, 438 ]
291 silly gunzTarPerm extractEntry deps/onig/AUTHORS
292 silly gunzTarPerm modified mode [ 'deps/onig/AUTHORS', 420, 438 ]
293 silly gunzTarPerm extractEntry nan_converters_43_inl.h
294 silly gunzTarPerm modified mode [ 'nan_converters_43_inl.h', 436, 438 ]
295 silly gunzTarPerm extractEntry nan_converters_pre_43_inl.h
296 silly gunzTarPerm modified mode [ 'nan_converters_pre_43_inl.h', 436, 438 ]
297 silly gunzTarPerm extractEntry deps/onig/config.guess
298 silly gunzTarPerm modified mode [ 'deps/onig/config.guess', 493, 511 ]
299 silly gunzTarPerm extractEntry deps/onig/config.h
300 silly gunzTarPerm modified mode [ 'deps/onig/config.h', 420, 438 ]
301 silly gunzTarPerm extractEntry nan_converters.h
302 silly gunzTarPerm modified mode [ 'nan_converters.h', 436, 438 ]
303 silly gunzTarPerm extractEntry nan_define_own_property_helper.h
304 silly gunzTarPerm modified mode [ 'nan_define_own_property_helper.h', 436, 438 ]
305 silly gunzTarPerm extractEntry nan_implementation_12_inl.h
306 silly gunzTarPerm modified mode [ 'nan_implementation_12_inl.h', 436, 438 ]
307 silly gunzTarPerm extractEntry nan_implementation_pre_12_inl.h
308 silly gunzTarPerm modified mode [ 'nan_implementation_pre_12_inl.h', 436, 438 ]
309 silly gunzTarPerm extractEntry nan_json.h
310 silly gunzTarPerm modified mode [ 'nan_json.h', 436, 438 ]
311 silly gunzTarPerm extractEntry deps/onig/config.h.in
312 silly gunzTarPerm modified mode [ 'deps/onig/config.h.in', 420, 438 ]
313 silly gunzTarPerm extractEntry deps/onig/config.sub
314 silly gunzTarPerm modified mode [ 'deps/onig/config.sub', 493, 511 ]
315 silly gunzTarPerm extractEntry nan_maybe_43_inl.h
316 silly gunzTarPerm modified mode [ 'nan_maybe_43_inl.h', 436, 438 ]
317 silly gunzTarPerm extractEntry deps/onig/configure
318 silly gunzTarPerm modified mode [ 'deps/onig/configure', 493, 511 ]
319 silly gunzTarPerm extractEntry nan_maybe_pre_43_inl.h
320 silly gunzTarPerm modified mode [ 'nan_maybe_pre_43_inl.h', 436, 438 ]
321 silly gunzTarPerm extractEntry nan_new.h
322 silly gunzTarPerm modified mode [ 'nan_new.h', 436, 438 ]
323 silly gunzTarPerm extractEntry nan_object_wrap.h
324 silly gunzTarPerm modified mode [ 'nan_object_wrap.h', 436, 438 ]
325 silly gunzTarPerm extractEntry deps/onig/configure.in
326 silly gunzTarPerm modified mode [ 'deps/onig/configure.in', 420, 438 ]
327 silly gunzTarPerm extractEntry nan_persistent_12_inl.h
328 silly gunzTarPerm modified mode [ 'nan_persistent_12_inl.h', 436, 438 ]
329 silly gunzTarPerm extractEntry nan_persistent_pre_12_inl.h
330 silly gunzTarPerm modified mode [ 'nan_persistent_pre_12_inl.h', 436, 438 ]
331 silly gunzTarPerm extractEntry deps/onig/COPYING
332 silly gunzTarPerm modified mode [ 'deps/onig/COPYING', 420, 438 ]
333 silly gunzTarPerm extractEntry deps/onig/depcomp
334 silly gunzTarPerm modified mode [ 'deps/onig/depcomp', 493, 511 ]
335 silly gunzTarPerm extractEntry nan_private.h
336 silly gunzTarPerm modified mode [ 'nan_private.h', 436, 438 ]
337 silly gunzTarPerm extractEntry nan_string_bytes.h
338 silly gunzTarPerm modified mode [ 'nan_string_bytes.h', 436, 438 ]
339 silly gunzTarPerm extractEntry deps/onig/doc/API
340 silly gunzTarPerm modified mode [ 'deps/onig/doc/API', 420, 438 ]
341 silly gunzTarPerm extractEntry deps/onig/doc/API.ja
342 silly gunzTarPerm modified mode [ 'deps/onig/doc/API.ja', 420, 438 ]
343 silly gunzTarPerm extractEntry deps/onig/doc/FAQ
344 silly gunzTarPerm modified mode [ 'deps/onig/doc/FAQ', 420, 438 ]
345 silly gunzTarPerm extractEntry deps/onig/doc/FAQ.ja
346 silly gunzTarPerm modified mode [ 'deps/onig/doc/FAQ.ja', 420, 438 ]
347 silly gunzTarPerm extractEntry nan_typedarray_contents.h
348 silly gunzTarPerm modified mode [ 'nan_typedarray_contents.h', 436, 438 ]
349 silly gunzTarPerm extractEntry nan_weak.h
350 silly gunzTarPerm modified mode [ 'nan_weak.h', 436, 438 ]
351 silly gentlyRm /mnt/f/Project/other/unityshader-intellisense/server/node_modules/.staging/vscode-textmate-49bffd4e/node_modules is being purged
352 verbose gentlyRm don't care about contents; nuking /mnt/f/Project/other/unityshader-intellisense/server/node_modules/.staging/vscode-textmate-49bffd4e/node_modules
353 silly gunzTarPerm extractEntry deps/onig/doc/RE
354 silly gunzTarPerm modified mode [ 'deps/onig/doc/RE', 420, 438 ]
355 silly gunzTarPerm extractEntry deps/onig/doc/RE.ja
356 silly gunzTarPerm modified mode [ 'deps/onig/doc/RE.ja', 420, 438 ]
357 silly gunzTarPerm extractEntry nan.h
358 silly gunzTarPerm modified mode [ 'nan.h', 436, 438 ]
359 silly gunzTarPerm extractEntry README.md
360 silly gunzTarPerm modified mode [ 'README.md', 436, 438 ]
361 silly gunzTarPerm extractEntry doc/asyncworker.md
362 silly gunzTarPerm modified mode [ 'doc/asyncworker.md', 436, 438 ]
363 silly gunzTarPerm extractEntry deps/onig/enc/ascii.c
364 silly gunzTarPerm modified mode [ 'deps/onig/enc/ascii.c', 420, 438 ]
365 silly gunzTarPerm extractEntry deps/onig/enc/big5.c
366 silly gunzTarPerm modified mode [ 'deps/onig/enc/big5.c', 420, 438 ]
367 silly gunzTarPerm extractEntry doc/buffers.md
368 silly gunzTarPerm modified mode [ 'doc/buffers.md', 436, 438 ]
369 silly gunzTarPerm extractEntry doc/callback.md
370 silly gunzTarPerm modified mode [ 'doc/callback.md', 436, 438 ]
371 silly gunzTarPerm extractEntry deps/onig/enc/cp1251.c
372 silly gunzTarPerm modified mode [ 'deps/onig/enc/cp1251.c', 420, 438 ]
373 silly gunzTarPerm extractEntry deps/onig/enc/euc_jp.c
374 silly gunzTarPerm modified mode [ 'deps/onig/enc/euc_jp.c', 420, 438 ]
375 silly gunzTarPerm extractEntry deps/onig/enc/euc_kr.c
376 silly gunzTarPerm modified mode [ 'deps/onig/enc/euc_kr.c', 420, 438 ]
377 silly gunzTarPerm extractEntry deps/onig/enc/euc_tw.c
378 silly gunzTarPerm modified mode [ 'deps/onig/enc/euc_tw.c', 420, 438 ]
379 silly gunzTarPerm extractEntry doc/converters.md
380 silly gunzTarPerm modified mode [ 'doc/converters.md', 436, 438 ]
381 silly gunzTarPerm extractEntry doc/errors.md
382 silly gunzTarPerm modified mode [ 'doc/errors.md', 436, 438 ]
383 silly gunzTarPerm extractEntry deps/onig/enc/gb18030.c
384 silly gunzTarPerm modified mode [ 'deps/onig/enc/gb18030.c', 420, 438 ]
385 silly gunzTarPerm extractEntry deps/onig/enc/iso8859_1.c
386 silly gunzTarPerm modified mode [ 'deps/onig/enc/iso8859_1.c', 420, 438 ]
387 silly gunzTarPerm extractEntry deps/onig/enc/iso8859_10.c
388 silly gunzTarPerm modified mode [ 'deps/onig/enc/iso8859_10.c', 420, 438 ]
389 silly gunzTarPerm extractEntry deps/onig/enc/iso8859_11.c
390 silly gunzTarPerm modified mode [ 'deps/onig/enc/iso8859_11.c', 420, 438 ]
391 silly gunzTarPerm extractEntry deps/onig/enc/iso8859_13.c
392 silly gunzTarPerm modified mode [ 'deps/onig/enc/iso8859_13.c', 420, 438 ]
393 silly gunzTarPerm extractEntry deps/onig/enc/iso8859_14.c
394 silly gunzTarPerm modified mode [ 'deps/onig/enc/iso8859_14.c', 420, 438 ]
395 silly gunzTarPerm extractEntry doc/json.md
396 silly gunzTarPerm modified mode [ 'doc/json.md', 436, 438 ]
397 silly gunzTarPerm extractEntry doc/maybe_types.md
398 silly gunzTarPerm modified mode [ 'doc/maybe_types.md', 436, 438 ]
399 silly gunzTarPerm extractEntry deps/onig/enc/iso8859_15.c
400 silly gunzTarPerm modified mode [ 'deps/onig/enc/iso8859_15.c', 420, 438 ]
401 silly gunzTarPerm extractEntry deps/onig/enc/iso8859_16.c
402 silly gunzTarPerm modified mode [ 'deps/onig/enc/iso8859_16.c', 420, 438 ]
403 silly gunzTarPerm extractEntry deps/onig/enc/iso8859_2.c
404 silly gunzTarPerm modified mode [ 'deps/onig/enc/iso8859_2.c', 420, 438 ]
405 silly gunzTarPerm extractEntry deps/onig/enc/iso8859_3.c
406 silly gunzTarPerm modified mode [ 'deps/onig/enc/iso8859_3.c', 420, 438 ]
407 silly gunzTarPerm extractEntry doc/methods.md
408 silly gunzTarPerm modified mode [ 'doc/methods.md', 436, 438 ]
409 silly gunzTarPerm extractEntry doc/new.md
410 silly gunzTarPerm modified mode [ 'doc/new.md', 436, 438 ]
411 silly gunzTarPerm extractEntry deps/onig/enc/iso8859_4.c
412 silly gunzTarPerm modified mode [ 'deps/onig/enc/iso8859_4.c', 420, 438 ]
413 silly gunzTarPerm extractEntry deps/onig/enc/iso8859_5.c
414 silly gunzTarPerm modified mode [ 'deps/onig/enc/iso8859_5.c', 420, 438 ]
415 silly gunzTarPerm extractEntry deps/onig/enc/iso8859_6.c
416 silly gunzTarPerm modified mode [ 'deps/onig/enc/iso8859_6.c', 420, 438 ]
417 silly gunzTarPerm extractEntry deps/onig/enc/iso8859_7.c
418 silly gunzTarPerm modified mode [ 'deps/onig/enc/iso8859_7.c', 420, 438 ]
419 silly gunzTarPerm extractEntry deps/onig/enc/iso8859_8.c
420 silly gunzTarPerm modified mode [ 'deps/onig/enc/iso8859_8.c', 420, 438 ]
421 silly gunzTarPerm extractEntry doc/node_misc.md
422 silly gunzTarPerm modified mode [ 'doc/node_misc.md', 436, 438 ]
423 silly gunzTarPerm extractEntry doc/object_wrappers.md
424 silly gunzTarPerm modified mode [ 'doc/object_wrappers.md', 436, 438 ]
425 silly gunzTarPerm extractEntry deps/onig/enc/iso8859_9.c
426 silly gunzTarPerm modified mode [ 'deps/onig/enc/iso8859_9.c', 420, 438 ]
427 silly gunzTarPerm extractEntry deps/onig/enc/koi8_r.c
428 silly gunzTarPerm modified mode [ 'deps/onig/enc/koi8_r.c', 420, 438 ]
429 silly gunzTarPerm extractEntry deps/onig/enc/koi8.c
430 silly gunzTarPerm modified mode [ 'deps/onig/enc/koi8.c', 420, 438 ]
431 silly gunzTarPerm extractEntry deps/onig/enc/mktable.c
432 silly gunzTarPerm modified mode [ 'deps/onig/enc/mktable.c', 420, 438 ]
433 silly gunzTarPerm extractEntry deps/onig/enc/sjis.c
434 silly gunzTarPerm modified mode [ 'deps/onig/enc/sjis.c', 420, 438 ]
435 silly gunzTarPerm extractEntry doc/persistent.md
436 silly gunzTarPerm modified mode [ 'doc/persistent.md', 436, 438 ]
437 silly gunzTarPerm extractEntry doc/scopes.md
438 silly gunzTarPerm modified mode [ 'doc/scopes.md', 436, 438 ]
439 silly gunzTarPerm extractEntry doc/script.md
440 silly gunzTarPerm modified mode [ 'doc/script.md', 436, 438 ]
441 silly gunzTarPerm extractEntry doc/string_bytes.md
442 silly gunzTarPerm modified mode [ 'doc/string_bytes.md', 436, 438 ]
443 silly gunzTarPerm extractEntry doc/v8_internals.md
444 silly gunzTarPerm modified mode [ 'doc/v8_internals.md', 436, 438 ]
445 silly gunzTarPerm extractEntry doc/v8_misc.md
446 silly gunzTarPerm modified mode [ 'doc/v8_misc.md', 436, 438 ]
447 silly gunzTarPerm extractEntry tools/1to2.js
448 silly gunzTarPerm modified mode [ 'tools/1to2.js', 509, 511 ]
449 silly gunzTarPerm extractEntry tools/package.json
450 silly gunzTarPerm modified mode [ 'tools/package.json', 436, 438 ]
451 silly gunzTarPerm extractEntry tools/README.md
452 silly gunzTarPerm modified mode [ 'tools/README.md', 436, 438 ]
453 silly gunzTarPerm extractEntry deps/onig/enc/unicode.c
454 silly gunzTarPerm modified mode [ 'deps/onig/enc/unicode.c', 420, 438 ]
455 silly gunzTarPerm extractEntry deps/onig/enc/utf16_be.c
456 silly gunzTarPerm modified mode [ 'deps/onig/enc/utf16_be.c', 420, 438 ]
457 silly gunzTarPerm extractEntry deps/onig/enc/utf16_le.c
458 silly gunzTarPerm modified mode [ 'deps/onig/enc/utf16_le.c', 420, 438 ]
459 silly gunzTarPerm extractEntry deps/onig/enc/utf32_be.c
460 silly gunzTarPerm modified mode [ 'deps/onig/enc/utf32_be.c', 420, 438 ]
461 silly gunzTarPerm extractEntry deps/onig/enc/utf32_le.c
462 silly gunzTarPerm modified mode [ 'deps/onig/enc/utf32_le.c', 420, 438 ]
463 silly gunzTarPerm extractEntry deps/onig/enc/utf8.c
464 silly gunzTarPerm modified mode [ 'deps/onig/enc/utf8.c', 420, 438 ]
465 silly gunzTarPerm extractEntry deps/onig/HISTORY
466 silly gunzTarPerm modified mode [ 'deps/onig/HISTORY', 420, 438 ]
467 silly gunzTarPerm extractEntry deps/onig/index_ja.html
468 silly gunzTarPerm modified mode [ 'deps/onig/index_ja.html', 420, 438 ]
469 silly gunzTarPerm extractEntry deps/onig/index.html
470 silly gunzTarPerm modified mode [ 'deps/onig/index.html', 420, 438 ]
471 silly gunzTarPerm extractEntry deps/onig/INSTALL
472 silly gunzTarPerm modified mode [ 'deps/onig/INSTALL', 420, 438 ]
473 silly gunzTarPerm extractEntry deps/onig/install-sh
474 silly gunzTarPerm modified mode [ 'deps/onig/install-sh', 420, 438 ]
475 silly gunzTarPerm extractEntry deps/onig/ltmain.sh
476 silly gunzTarPerm modified mode [ 'deps/onig/ltmain.sh', 493, 511 ]
477 silly gunzTarPerm extractEntry deps/onig/m4/libtool.m4
478 silly gunzTarPerm modified mode [ 'deps/onig/m4/libtool.m4', 420, 438 ]
479 silly gunzTarPerm extractEntry deps/onig/m4/lt~obsolete.m4
480 silly gunzTarPerm modified mode [ 'deps/onig/m4/lt~obsolete.m4', 420, 438 ]
481 silly gunzTarPerm extractEntry deps/onig/m4/ltoptions.m4
482 silly gunzTarPerm modified mode [ 'deps/onig/m4/ltoptions.m4', 420, 438 ]
483 silly gunzTarPerm extractEntry deps/onig/m4/ltsugar.m4
484 silly gunzTarPerm modified mode [ 'deps/onig/m4/ltsugar.m4', 420, 438 ]
485 silly gunzTarPerm extractEntry deps/onig/m4/ltversion.m4
486 silly gunzTarPerm modified mode [ 'deps/onig/m4/ltversion.m4', 420, 438 ]
487 silly gunzTarPerm extractEntry deps/onig/Makefile.am
488 silly gunzTarPerm modified mode [ 'deps/onig/Makefile.am', 420, 438 ]
489 silly gunzTarPerm extractEntry deps/onig/Makefile.in
490 silly gunzTarPerm modified mode [ 'deps/onig/Makefile.in', 420, 438 ]
491 silly gunzTarPerm extractEntry deps/onig/missing
492 silly gunzTarPerm modified mode [ 'deps/onig/missing', 493, 511 ]
493 silly gunzTarPerm extractEntry deps/onig/onig-config
494 silly gunzTarPerm modified mode [ 'deps/onig/onig-config', 493, 511 ]
495 silly gunzTarPerm extractEntry deps/onig/onig-config.in
496 silly gunzTarPerm modified mode [ 'deps/onig/onig-config.in', 420, 438 ]
497 silly gunzTarPerm extractEntry deps/onig/oniggnu.h
498 silly gunzTarPerm modified mode [ 'deps/onig/oniggnu.h', 420, 438 ]
499 silly gunzTarPerm extractEntry deps/onig/onigposix.h
500 silly gunzTarPerm modified mode [ 'deps/onig/onigposix.h', 420, 438 ]
501 silly gunzTarPerm extractEntry deps/onig/oniguruma.h
502 silly gunzTarPerm modified mode [ 'deps/onig/oniguruma.h', 420, 438 ]
503 silly gunzTarPerm extractEntry deps/onig/oniguruma.pc.in
504 silly gunzTarPerm modified mode [ 'deps/onig/oniguruma.pc.in', 420, 438 ]
505 silly gunzTarPerm extractEntry deps/onig/README
506 silly gunzTarPerm modified mode [ 'deps/onig/README', 420, 438 ]
507 silly gunzTarPerm extractEntry deps/onig/README.ja
508 silly gunzTarPerm modified mode [ 'deps/onig/README.ja', 420, 438 ]
509 silly gunzTarPerm extractEntry deps/onig/regcomp.c
510 silly gunzTarPerm modified mode [ 'deps/onig/regcomp.c', 420, 438 ]
511 silly gunzTarPerm extractEntry deps/onig/regenc.c
512 silly gunzTarPerm modified mode [ 'deps/onig/regenc.c', 420, 438 ]
513 silly gunzTarPerm extractEntry deps/onig/regenc.h
514 silly gunzTarPerm modified mode [ 'deps/onig/regenc.h', 420, 438 ]
515 silly gunzTarPerm extractEntry deps/onig/regerror.c
516 silly gunzTarPerm modified mode [ 'deps/onig/regerror.c', 420, 438 ]
517 silly gunzTarPerm extractEntry deps/onig/regexec.c
518 silly gunzTarPerm modified mode [ 'deps/onig/regexec.c', 420, 438 ]
519 silly gunzTarPerm extractEntry deps/onig/regext.c
520 silly gunzTarPerm modified mode [ 'deps/onig/regext.c', 420, 438 ]
521 silly gunzTarPerm extractEntry deps/onig/reggnu.c
522 silly gunzTarPerm modified mode [ 'deps/onig/reggnu.c', 420, 438 ]
523 silly gunzTarPerm extractEntry deps/onig/regint.h
524 silly gunzTarPerm modified mode [ 'deps/onig/regint.h', 420, 438 ]
525 silly gunzTarPerm extractEntry deps/onig/regparse.c
526 silly gunzTarPerm modified mode [ 'deps/onig/regparse.c', 420, 438 ]
527 silly gunzTarPerm extractEntry deps/onig/regparse.h
528 silly gunzTarPerm modified mode [ 'deps/onig/regparse.h', 420, 438 ]
529 silly gunzTarPerm extractEntry deps/onig/regposerr.c
530 silly gunzTarPerm modified mode [ 'deps/onig/regposerr.c', 420, 438 ]
531 silly gunzTarPerm extractEntry deps/onig/regposix.c
532 silly gunzTarPerm modified mode [ 'deps/onig/regposix.c', 420, 438 ]
533 silly gunzTarPerm extractEntry deps/onig/regsyntax.c
534 silly gunzTarPerm modified mode [ 'deps/onig/regsyntax.c', 420, 438 ]
535 silly gunzTarPerm extractEntry deps/onig/regtrav.c
536 silly gunzTarPerm modified mode [ 'deps/onig/regtrav.c', 420, 438 ]
537 silly gunzTarPerm extractEntry deps/onig/regversion.c
538 silly gunzTarPerm modified mode [ 'deps/onig/regversion.c', 420, 438 ]
539 silly gunzTarPerm extractEntry deps/onig/sample/crnl.c
540 silly gunzTarPerm modified mode [ 'deps/onig/sample/crnl.c', 420, 438 ]
541 silly gunzTarPerm extractEntry deps/onig/sample/encode.c
542 silly gunzTarPerm modified mode [ 'deps/onig/sample/encode.c', 420, 438 ]
543 silly gunzTarPerm extractEntry deps/onig/sample/listcap.c
544 silly gunzTarPerm modified mode [ 'deps/onig/sample/listcap.c', 420, 438 ]
545 silly gunzTarPerm extractEntry deps/onig/sample/Makefile.am
546 silly gunzTarPerm modified mode [ 'deps/onig/sample/Makefile.am', 420, 438 ]
547 silly gunzTarPerm extractEntry deps/onig/sample/Makefile.in
548 silly gunzTarPerm modified mode [ 'deps/onig/sample/Makefile.in', 420, 438 ]
549 silly gunzTarPerm extractEntry deps/onig/sample/names.c
550 silly gunzTarPerm modified mode [ 'deps/onig/sample/names.c', 420, 438 ]
551 silly gunzTarPerm extractEntry deps/onig/sample/posix.c
552 silly gunzTarPerm modified mode [ 'deps/onig/sample/posix.c', 420, 438 ]
553 silly gunzTarPerm extractEntry deps/onig/sample/simple.c
554 silly gunzTarPerm modified mode [ 'deps/onig/sample/simple.c', 420, 438 ]
555 silly gunzTarPerm extractEntry deps/onig/sample/sql.c
556 silly gunzTarPerm modified mode [ 'deps/onig/sample/sql.c', 420, 438 ]
557 silly gunzTarPerm extractEntry deps/onig/sample/syntax.c
558 silly gunzTarPerm modified mode [ 'deps/onig/sample/syntax.c', 420, 438 ]
559 silly gunzTarPerm extractEntry deps/onig/st.c
560 silly gunzTarPerm modified mode [ 'deps/onig/st.c', 420, 438 ]
561 silly gunzTarPerm extractEntry deps/onig/st.h
562 silly gunzTarPerm modified mode [ 'deps/onig/st.h', 420, 438 ]
563 silly gunzTarPerm extractEntry deps/onig/stamp-h1
564 silly gunzTarPerm modified mode [ 'deps/onig/stamp-h1', 420, 438 ]
565 silly gunzTarPerm extractEntry deps/onig/testc.c
566 silly gunzTarPerm modified mode [ 'deps/onig/testc.c', 420, 438 ]
567 silly gunzTarPerm extractEntry deps/onig/testu.c
568 silly gunzTarPerm modified mode [ 'deps/onig/testu.c', 420, 438 ]
569 silly gunzTarPerm extractEntry deps/onig/win32/config.h
570 silly gunzTarPerm modified mode [ 'deps/onig/win32/config.h', 420, 438 ]
571 silly gunzTarPerm extractEntry deps/onig/win32/testc.c
572 silly gunzTarPerm modified mode [ 'deps/onig/win32/testc.c', 420, 438 ]
573 silly gunzTarPerm extractEntry spec/onig-reg-exp-spec.js
574 silly gunzTarPerm modified mode [ 'spec/onig-reg-exp-spec.js', 420, 438 ]
575 silly gunzTarPerm extractEntry spec/onig-scanner-spec.js
576 silly gunzTarPerm modified mode [ 'spec/onig-scanner-spec.js', 420, 438 ]
577 silly gunzTarPerm extractEntry spec/onig-string-spec.js
578 silly gunzTarPerm modified mode [ 'spec/onig-string-spec.js', 420, 438 ]
579 silly gunzTarPerm extractEntry src/onig-reg-exp.cc
580 silly gunzTarPerm modified mode [ 'src/onig-reg-exp.cc', 420, 438 ]
581 silly gunzTarPerm extractEntry src/onig-reg-exp.h
582 silly gunzTarPerm modified mode [ 'src/onig-reg-exp.h', 420, 438 ]
583 silly gunzTarPerm extractEntry src/onig-result.cc
584 silly gunzTarPerm modified mode [ 'src/onig-result.cc', 420, 438 ]
585 silly gunzTarPerm extractEntry src/onig-result.h
586 silly gunzTarPerm modified mode [ 'src/onig-result.h', 420, 438 ]
587 silly gunzTarPerm extractEntry src/onig-scanner-worker.cc
588 silly gunzTarPerm modified mode [ 'src/onig-scanner-worker.cc', 420, 438 ]
589 silly gunzTarPerm extractEntry src/onig-scanner-worker.h
590 silly gunzTarPerm modified mode [ 'src/onig-scanner-worker.h', 420, 438 ]
591 silly gunzTarPerm extractEntry src/onig-scanner.cc
592 silly gunzTarPerm modified mode [ 'src/onig-scanner.cc', 420, 438 ]
593 silly gunzTarPerm extractEntry src/onig-scanner.h
594 silly gunzTarPerm modified mode [ 'src/onig-scanner.h', 420, 438 ]
595 silly gunzTarPerm extractEntry src/onig-searcher.cc
596 silly gunzTarPerm modified mode [ 'src/onig-searcher.cc', 420, 438 ]
597 silly gunzTarPerm extractEntry src/onig-searcher.h
598 silly gunzTarPerm modified mode [ 'src/onig-searcher.h', 420, 438 ]
599 silly gunzTarPerm extractEntry src/onig-string.cc
600 silly gunzTarPerm modified mode [ 'src/onig-string.cc', 420, 438 ]
601 silly gunzTarPerm extractEntry src/onig-string.h
602 silly gunzTarPerm modified mode [ 'src/onig-string.h', 420, 438 ]
603 silly gunzTarPerm extractEntry src/oniguruma.js
604 silly gunzTarPerm modified mode [ 'src/oniguruma.js', 420, 438 ]
605 silly gentlyRm /mnt/f/Project/other/unityshader-intellisense/server/node_modules/.staging/nan-87997cd2/node_modules is being purged
606 verbose gentlyRm don't care about contents; nuking /mnt/f/Project/other/unityshader-intellisense/server/node_modules/.staging/nan-87997cd2/node_modules
607 http 200 https://registry.npmjs.org/vscode-languageserver
608 verbose headers { date: 'Fri, 17 Aug 2018 08:25:42 GMT',
608 verbose headers   'content-type': 'application/json; charset=UTF-8',
608 verbose headers   'transfer-encoding': 'chunked',
608 verbose headers   connection: 'keep-alive',
608 verbose headers   'set-cookie': [ '__cfduid=de28bed232ea49ea6151de53f2c9a66961534494342; expires=Sat, 17-Aug-19 08:25:42 GMT; path=/; domain=.registry.npmjs.org; HttpOnly' ],
608 verbose headers   'cf-cache-status': 'HIT',
608 verbose headers   'cache-control': 'max-age=300',
608 verbose headers   'cf-ray': '44bac067fbf5771e-LAX',
608 verbose headers   etag: 'W/"2e38aef628d9e6bff81b02a9a0f2bf63"',
608 verbose headers   'expect-ct': 'max-age=604800, report-uri="https://report-uri.cloudflare.com/cdn-cgi/beacon/expect-ct"',
608 verbose headers   'last-modified': 'Tue, 14 Aug 2018 19:27:02 GMT',
608 verbose headers   vary: 'accept-encoding, accept',
608 verbose headers   server: 'cloudflare',
608 verbose headers   'content-encoding': 'gzip' }
609 silly get cb [ 200,
609 silly get   { date: 'Fri, 17 Aug 2018 08:25:42 GMT',
609 silly get     'content-type': 'application/json; charset=UTF-8',
609 silly get     'transfer-encoding': 'chunked',
609 silly get     connection: 'keep-alive',
609 silly get     'set-cookie': [ '__cfduid=de28bed232ea49ea6151de53f2c9a66961534494342; expires=Sat, 17-Aug-19 08:25:42 GMT; path=/; domain=.registry.npmjs.org; HttpOnly' ],
609 silly get     'cf-cache-status': 'HIT',
609 silly get     'cache-control': 'max-age=300',
609 silly get     'cf-ray': '44bac067fbf5771e-LAX',
609 silly get     etag: 'W/"2e38aef628d9e6bff81b02a9a0f2bf63"',
609 silly get     'expect-ct': 'max-age=604800, report-uri="https://report-uri.cloudflare.com/cdn-cgi/beacon/expect-ct"',
609 silly get     'last-modified': 'Tue, 14 Aug 2018 19:27:02 GMT',
609 silly get     vary: 'accept-encoding, accept',
609 silly get     server: 'cloudflare',
609 silly get     'content-encoding': 'gzip' } ]
610 verbose get saving vscode-languageserver to /home/sardine/.npm/registry.npmjs.org/vscode-languageserver/.cache.json
611 silly mapToRegistry name vscode-languageserver
612 silly mapToRegistry using default registry
613 silly mapToRegistry registry https://registry.npmjs.org/
614 silly mapToRegistry uri https://registry.npmjs.org/vscode-languageserver
615 verbose addRemoteTarball https://registry.npmjs.org/vscode-languageserver/-/vscode-languageserver-5.0.0.tgz not in flight; adding
616 verbose addRemoteTarball [ 'https://registry.npmjs.org/vscode-languageserver/-/vscode-languageserver-5.0.0.tgz',
616 verbose addRemoteTarball   '8766f90db6855d1dcb4863dac6f9e90627bc397d' ]
617 info retry fetch attempt 1 at 4:25:42 PM
618 info attempt registry request try #1 at 4:25:42 PM
619 http fetch GET https://registry.npmjs.org/vscode-languageserver/-/vscode-languageserver-5.0.0.tgz
620 silly gentlyRm /mnt/f/Project/other/unityshader-intellisense/server/node_modules/.staging/oniguruma-e7e30ccc/node_modules is being purged
621 verbose gentlyRm don't care about contents; nuking /mnt/f/Project/other/unityshader-intellisense/server/node_modules/.staging/oniguruma-e7e30ccc/node_modules
622 http fetch 200 https://registry.npmjs.org/vscode-languageserver/-/vscode-languageserver-5.0.0.tgz
623 silly fetchAndShaCheck shasum 8766f90db6855d1dcb4863dac6f9e90627bc397d
624 verbose addTmpTarball /tmp/npm-23-b3f90044/registry.npmjs.org/vscode-languageserver/-/vscode-languageserver-5.0.0.tgz not in flight; adding
625 verbose addTmpTarball already have metadata; skipping unpack for vscode-languageserver@5.0.0
626 verbose unbuild node_modules/.staging/vscode-languageserver-ff78a77f
627 silly gentlyRm /mnt/f/Project/other/unityshader-intellisense/server/node_modules/.staging/vscode-languageserver-ff78a77f is being purged from base /mnt/f/Project/other/unityshader-intellisense/server
628 verbose gentlyRm don't care about contents; nuking /mnt/f/Project/other/unityshader-intellisense/server/node_modules/.staging/vscode-languageserver-ff78a77f
629 verbose tar unpack /home/sardine/.npm/vscode-languageserver/5.0.0/package.tgz
630 verbose tar unpacking to /mnt/f/Project/other/unityshader-intellisense/server/node_modules/.staging/vscode-languageserver-ff78a77f
631 silly gentlyRm /mnt/f/Project/other/unityshader-intellisense/server/node_modules/.staging/vscode-languageserver-ff78a77f is being purged
632 verbose gentlyRm don't care about contents; nuking /mnt/f/Project/other/unityshader-intellisense/server/node_modules/.staging/vscode-languageserver-ff78a77f
633 silly gunzTarPerm modes [ '777', '666' ]
634 silly gunzTarPerm extractEntry package.json
635 silly gunzTarPerm extractEntry License.txt
636 silly gunzTarPerm extractEntry README.md
637 silly gunzTarPerm extractEntry thirdpartynotices.txt
638 silly gunzTarPerm extractEntry bin/installServerIntoExtension
639 silly gunzTarPerm extractEntry lib/configuration.d.ts
640 silly gunzTarPerm extractEntry lib/configuration.js
641 silly gunzTarPerm extractEntry lib/files.d.ts
642 silly gunzTarPerm extractEntry lib/files.js
643 silly gunzTarPerm extractEntry lib/main.d.ts
644 silly gunzTarPerm extractEntry lib/main.js
645 silly gunzTarPerm extractEntry lib/resolve.d.ts
646 silly gunzTarPerm extractEntry lib/resolve.js
647 silly gunzTarPerm extractEntry lib/thenable.d.ts
648 silly gunzTarPerm extractEntry lib/thenable.js
649 silly gunzTarPerm extractEntry lib/utils/is.d.ts
650 silly gunzTarPerm extractEntry lib/utils/is.js
651 silly gunzTarPerm extractEntry lib/utils/uuid.d.ts
652 silly gunzTarPerm extractEntry lib/utils/uuid.js
653 silly gunzTarPerm extractEntry lib/workspaceFolders.d.ts
654 silly gunzTarPerm extractEntry lib/workspaceFolders.js
655 silly gentlyRm /mnt/f/Project/other/unityshader-intellisense/server/node_modules/.staging/vscode-languageserver-ff78a77f/node_modules is being purged
656 verbose gentlyRm don't care about contents; nuking /mnt/f/Project/other/unityshader-intellisense/server/node_modules/.staging/vscode-languageserver-ff78a77f/node_modules
657 silly doParallel preinstall 4
658 silly preinstall nan@2.10.0 /mnt/f/Project/other/unityshader-intellisense/server/node_modules/.staging/nan-87997cd2
659 info lifecycle nan@2.10.0~preinstall: nan@2.10.0
660 silly preinstall oniguruma@7.0.1 /mnt/f/Project/other/unityshader-intellisense/server/node_modules/.staging/oniguruma-e7e30ccc
661 info lifecycle oniguruma@7.0.1~preinstall: oniguruma@7.0.1
662 silly preinstall vscode-languageserver@5.0.0 /mnt/f/Project/other/unityshader-intellisense/server/node_modules/.staging/vscode-languageserver-ff78a77f
663 info lifecycle vscode-languageserver@5.0.0~preinstall: vscode-languageserver@5.0.0
664 silly preinstall vscode-textmate@4.0.1 /mnt/f/Project/other/unityshader-intellisense/server/node_modules/.staging/vscode-textmate-49bffd4e
665 info lifecycle vscode-textmate@4.0.1~preinstall: vscode-textmate@4.0.1
666 silly lifecycle nan@2.10.0~preinstall: no script for preinstall, continuing
667 silly lifecycle oniguruma@7.0.1~preinstall: no script for preinstall, continuing
668 silly lifecycle vscode-languageserver@5.0.0~preinstall: no script for preinstall, continuing
669 silly lifecycle vscode-textmate@4.0.1~preinstall: no script for preinstall, continuing
670 silly doReverseSerial remove 0
671 silly doSerial move 0
672 silly doSerial finalize 4
673 silly finalize /mnt/f/Project/other/unityshader-intellisense/server/node_modules/nan
674 silly finalize /mnt/f/Project/other/unityshader-intellisense/server/node_modules/oniguruma
675 silly finalize /mnt/f/Project/other/unityshader-intellisense/server/node_modules/vscode-languageserver
676 silly finalize /mnt/f/Project/other/unityshader-intellisense/server/node_modules/vscode-textmate
677 silly doSerial build 4
678 silly build nan@2.10.0
679 info linkStuff nan@2.10.0
680 silly linkStuff nan@2.10.0 has /mnt/f/Project/other/unityshader-intellisense/server/node_modules as its parent node_modules
681 verbose linkBins nan@2.10.0
682 verbose linkMans nan@2.10.0
683 silly build oniguruma@7.0.1
684 info linkStuff oniguruma@7.0.1
685 silly linkStuff oniguruma@7.0.1 has /mnt/f/Project/other/unityshader-intellisense/server/node_modules as its parent node_modules
686 verbose linkBins oniguruma@7.0.1
687 verbose linkMans oniguruma@7.0.1
688 silly build vscode-languageserver@5.0.0
689 info linkStuff vscode-languageserver@5.0.0
690 silly linkStuff vscode-languageserver@5.0.0 has /mnt/f/Project/other/unityshader-intellisense/server/node_modules as its parent node_modules
691 verbose linkBins vscode-languageserver@5.0.0
692 verbose link bins [ { installServerIntoExtension: './bin/installServerIntoExtension' },
692 verbose link bins   '/mnt/f/Project/other/unityshader-intellisense/server/node_modules/.bin',
692 verbose link bins   false ]
693 verbose linkMans vscode-languageserver@5.0.0
694 silly gentlyRm /mnt/f/Project/other/unityshader-intellisense/server/node_modules/.bin/installServerIntoExtension is being purged
695 verbose gentlyRm don't care about contents; nuking /mnt/f/Project/other/unityshader-intellisense/server/node_modules/.bin/installServerIntoExtension
696 silly vacuum-fs purging /mnt/f/Project/other/unityshader-intellisense/server/node_modules/.bin/installServerIntoExtension
697 silly vacuum-fs quitting because other entries in /mnt/f/Project/other/unityshader-intellisense/server/node_modules/.bin
698 silly build vscode-textmate@4.0.1
699 info linkStuff vscode-textmate@4.0.1
700 silly linkStuff vscode-textmate@4.0.1 has /mnt/f/Project/other/unityshader-intellisense/server/node_modules as its parent node_modules
701 verbose linkBins vscode-textmate@4.0.1
702 verbose linkMans vscode-textmate@4.0.1
703 silly doSerial global-link 0
704 silly doParallel update-linked 0
705 silly doSerial install 4
706 silly install nan@2.10.0 /mnt/f/Project/other/unityshader-intellisense/server/node_modules/.staging/nan-87997cd2
707 info lifecycle nan@2.10.0~install: nan@2.10.0
708 silly lifecycle nan@2.10.0~install: no script for install, continuing
709 silly install oniguruma@7.0.1 /mnt/f/Project/other/unityshader-intellisense/server/node_modules/.staging/oniguruma-e7e30ccc
710 info lifecycle oniguruma@7.0.1~install: oniguruma@7.0.1
711 verbose lifecycle oniguruma@7.0.1~install: unsafe-perm in lifecycle true
712 verbose lifecycle oniguruma@7.0.1~install: PATH: /usr/share/npm/bin/node-gyp-bin:/mnt/f/Project/other/unityshader-intellisense/server/node_modules/oniguruma/node_modules/.bin:/mnt/f/Project/other/unityshader-intellisense/server/node_modules/.bin:/home/sardine/bin:/home/sardine/.local/bin:/usr/local/sbin:/usr/local/bin:/usr/sbin:/usr/bin:/sbin:/bin:/usr/games:/usr/local/games:/mnt/c/Windows/System32:/mnt/c/Windows:/mnt/c/Windows/System32/wbem:/mnt/c/Windows/System32/WindowsPowerShell/v1.0:/mnt/c/Program Files/Git/cmd:/mnt/c/Windows/System32/OpenSSH:/mnt/e/MinGW/bin:/mnt/c/Program Files/dotnet:/mnt/c/Program Files/Common Files/Autodesk Shared:/mnt/c/Program Files (x86)/Autodesk/Backburner:/mnt/e/MinGW/bin:/mnt/c/Program Files (x86)/PuTTY:/mnt/e/PHP/php-7.1.12-Win32-VC14-x64:/mnt/e/Brackets/command:/mnt/c/ProgramData/chocolatey/bin:/mnt/c/Program Files/CMake/bin:/mnt/c/Program Files/Microsoft SQL Server/130/Tools/Binn:/mnt/c/Program Files (x86)/NVIDIA Corporation/PhysX/Common:/mnt/c/Program Files/Java/jre1.8.0_151/bin:/mnt/c/Program Files/Microsoft VS Code/bin:/mnt/e/nvm:/mnt/e/nodejs:/mnt/c/Users/Sardi/AppData/Local/Programs/Python/Python37/Scripts:/mnt/c/Users/Sardi/AppData/Local/Programs/Python/Python37:/mnt/c/Users/Sardi/AppData/Local/Microsoft/WindowsApps:/mnt/c/Users/Sardi/AppData/Roaming/npm:/mnt/e/Fiddler:/snap/bin
713 verbose lifecycle oniguruma@7.0.1~install: CWD: /mnt/f/Project/other/unityshader-intellisense/server/node_modules/oniguruma
714 silly lifecycle oniguruma@7.0.1~install: Args: [ '-c', 'node-gyp rebuild' ]
715 silly lifecycle oniguruma@7.0.1~install: Returned: code: 1  signal: null
716 info lifecycle oniguruma@7.0.1~install: Failed to exec install script
717 verbose unlock done using /home/sardine/.npm/_locks/staging-d71c3ce9d6ea1673.lock for /mnt/f/Project/other/unityshader-intellisense/server/node_modules/.staging
718 silly rollbackFailedOptional Starting
719 silly rollbackFailedOptional Finishing
720 silly runTopLevelLifecycles Starting
721 silly runTopLevelLifecycles Finishing
722 silly install printInstalled
723 warn unityshader-intellisence-server@1.0.0 No repository field.
724 verbose stack Error: oniguruma@7.0.1 install: `node-gyp rebuild`
724 verbose stack Exit status 1
724 verbose stack     at EventEmitter.<anonymous> (/usr/share/npm/lib/utils/lifecycle.js:232:16)
724 verbose stack     at emitTwo (events.js:87:13)
724 verbose stack     at EventEmitter.emit (events.js:172:7)
724 verbose stack     at ChildProcess.<anonymous> (/usr/share/npm/lib/utils/spawn.js:24:14)
724 verbose stack     at emitTwo (events.js:87:13)
724 verbose stack     at ChildProcess.emit (events.js:172:7)
724 verbose stack     at maybeClose (internal/child_process.js:821:16)
724 verbose stack     at Process.ChildProcess._handle.onexit (internal/child_process.js:211:5)
725 verbose pkgid oniguruma@7.0.1
726 verbose cwd /mnt/f/Project/other/unityshader-intellisense/server
727 error Linux 4.4.0-43-Microsoft
728 error argv "/usr/bin/nodejs" "/usr/bin/npm" "install" "--save" "vscode-textmate"
729 error node v4.2.6
730 error npm  v3.5.2
731 error code ELIFECYCLE
732 error oniguruma@7.0.1 install: `node-gyp rebuild`
732 error Exit status 1
733 error Failed at the oniguruma@7.0.1 install script 'node-gyp rebuild'.
733 error Make sure you have the latest version of node.js and npm installed.
733 error If you do, this is most likely a problem with the oniguruma package,
733 error not with npm itself.
733 error Tell the author that this fails on your system:
733 error     node-gyp rebuild
733 error You can get information on how to open an issue for this project with:
733 error     npm bugs oniguruma
733 error Or if that isn't available, you can get their info via:
733 error     npm owner ls oniguruma
733 error There is likely additional logging output above.
734 verbose exit [ 1, true ]
